<?xml version="1.0" encoding="UTF-8"?>
<!-- Generated by org.testng.reporters.JUnitReportReporter -->
<testsuite skipped="0" hostname="DESKTOP-CPGOFFM" name="Pack.TestLeaf.TestBase.TestBase" tests="1" failures="0" timestamp="17 Nov 2020 13:49:50 GMT" time="0.011" errors="0">
  <testcase name="initialization" time="0.011" classname="Pack.TestLeaf.TestBase.TestBase"/>
</testsuite> <!-- Pack.TestLeaf.TestBase.TestBase -->
