<?xml version="1.0" encoding="UTF-8"?>
<!-- Generated by org.testng.reporters.JUnitReportReporter -->
<testsuite skipped="0" hostname="DESKTOP-CPGOFFM" name="Pack.TestLeaf.TestCases.User_Page_Testing" tests="1" failures="0" timestamp="20 Nov 2020 18:45:27 GMT" time="9.910" errors="0">
  <testcase name="userpagetest" time="9.910" classname="Pack.TestLeaf.TestCases.User_Page_Testing"/>
</testsuite> <!-- Pack.TestLeaf.TestCases.User_Page_Testing -->
