<?xml version="1.0" encoding="UTF-8"?>
<!-- Generated by org.testng.reporters.JUnitReportReporter -->
<testsuite skipped="0" hostname="DESKTOP-CPGOFFM" name="Pack.TestLeaf.TestCases.TestLeaf_TestBase" tests="1" failures="0" timestamp="23 Nov 2020 05:25:07 GMT" time="5.033" errors="0">
  <testcase name="Setup_Browse" time="5.033" classname="Pack.TestLeaf.TestCases.TestLeaf_TestBase"/>
</testsuite> <!-- Pack.TestLeaf.TestCases.TestLeaf_TestBase -->
