<?xml version="1.0" encoding="UTF-8"?>
<!-- Generated by org.testng.reporters.JUnitReportReporter -->
<testsuite skipped="0" hostname="DESKTOP-CPGOFFM" name="Pack.TestLeaf.TestCases.TestLeaf_HomePageTesting" tests="3" failures="0" timestamp="27 Nov 2020 09:06:37 GMT" time="26.051" errors="0">
  <testcase name="Login" time="4.769" classname="Pack.TestLeaf.TestCases.TestLeaf_HomePageTesting"/>
  <testcase name="ClickCRM" time="7.073" classname="Pack.TestLeaf.TestCases.TestLeaf_HomePageTesting"/>
  <testcase name="CreatLead" time="14.209" classname="Pack.TestLeaf.TestCases.TestLeaf_HomePageTesting"/>
</testsuite> <!-- Pack.TestLeaf.TestCases.TestLeaf_HomePageTesting -->
