<?xml version="1.0" encoding="UTF-8"?>
<!-- Generated by org.testng.reporters.JUnitReportReporter -->
<testsuite skipped="0" hostname="DESKTOP-CPGOFFM" name="Pack.TestLeaf.TestCases.UserPage_Testing" tests="1" failures="0" timestamp="16 Jan 2021 06:26:21 GMT" time="5.997" errors="0">
  <testcase name="usertest" time="5.997" classname="Pack.TestLeaf.TestCases.UserPage_Testing"/>
</testsuite> <!-- Pack.TestLeaf.TestCases.UserPage_Testing -->
