<?xml version="1.0" encoding="UTF-8"?>
<!-- Generated by org.testng.reporters.JUnitReportReporter -->
<testsuite skipped="0" hostname="DESKTOP-CPGOFFM" name="Pack.TestLeaf.TestCases.CRMPage_Testing" tests="1" failures="0" timestamp="09 Jan 2021 04:24:03 GMT" time="19.724" errors="0">
  <testcase name="Loginpage" time="19.724" classname="Pack.TestLeaf.TestCases.CRMPage_Testing"/>
</testsuite> <!-- Pack.TestLeaf.TestCases.CRMPage_Testing -->
