<?xml version="1.0" encoding="UTF-8"?>
<!-- Generated by org.testng.reporters.JUnitReportReporter -->
<testsuite skipped="0" hostname="DESKTOP-CPGOFFM" name="Pack.TestLeaf.TestBase.TestBasic" tests="1" failures="0" timestamp="17 Nov 2020 14:18:13 GMT" time="17.317" errors="0">
  <testcase name="browseSetup" time="17.317" classname="Pack.TestLeaf.TestBase.TestBasic"/>
</testsuite> <!-- Pack.TestLeaf.TestBase.TestBasic -->
